<?xml version="1.0" encoding="UTF-8"?>
<!-- Generated by org.testng.reporters.JUnitReportReporter -->
<testsuite hostname="PARRADO-PC"
	name="es.upo.cal.EntregaEPD02.ListImplementation" tests="2" failures="0"
	timestamp="13 Oct 2016 19:24:06 GMT" time="0.031" errors="0">
	<testcase name="TestInteger" time="0.031"
		classname="es.upo.cal.EntregaEPD02.ListImplementation" />
	<testcase name="TestString" time="0.000"
		classname="es.upo.cal.EntregaEPD02.ListImplementation" />
</testsuite> <!-- es.upo.cal.EntregaEPD02.ListImplementation -->
